2024-09-10 19:28:52 - INFO - create_app function called
2024-09-10 19:28:52 - INFO - create_app returning  app
2024-09-10 19:28:52 - WARNING -  * Debugger is active!
2024-09-10 19:28:52 - INFO -  * Debugger PIN: 516-966-723
2024-09-10 19:29:02 - INFO - create_app function called
2024-09-10 19:29:02 - INFO - create_app returning  app
2024-09-10 19:29:02 - INFO - [31m[1mWARNING: This is a development server. Do not use it in a production deployment. Use a production WSGI server instead.[0m
 * Running on http://127.0.0.1:5000
2024-09-10 19:29:02 - INFO - [33mPress CTRL+C to quit[0m
2024-09-10 19:29:02 - INFO -  * Restarting with stat
2024-09-10 19:29:03 - INFO - create_app function called
2024-09-10 19:29:03 - INFO - create_app returning  app
2024-09-10 19:29:03 - WARNING -  * Debugger is active!
2024-09-10 19:29:03 - INFO -  * Debugger PIN: 516-966-723
2024-09-10 19:30:04 - INFO -  * Detected change in 'D:\\MovedFromCtoD\\Desktop\\social_media_platfrom\\utlis.py', reloading
2024-09-10 19:30:04 - INFO -  * Restarting with stat
2024-09-10 19:30:06 - INFO - create_app function called
2024-09-10 19:30:06 - INFO - create_app returning  app
2024-09-10 19:30:06 - WARNING -  * Debugger is active!
2024-09-10 19:30:06 - INFO -  * Debugger PIN: 516-966-723
2024-09-10 19:30:10 - INFO - create_app function called
2024-09-10 19:30:10 - INFO - create_app returning  app
2024-09-10 19:30:10 - INFO - [31m[1mWARNING: This is a development server. Do not use it in a production deployment. Use a production WSGI server instead.[0m
 * Running on http://127.0.0.1:5000
2024-09-10 19:30:10 - INFO - [33mPress CTRL+C to quit[0m
2024-09-10 19:30:10 - INFO -  * Restarting with stat
2024-09-10 19:30:11 - INFO - create_app function called
2024-09-10 19:30:11 - INFO - create_app returning  app
2024-09-10 19:30:11 - WARNING -  * Debugger is active!
2024-09-10 19:30:11 - INFO -  * Debugger PIN: 516-966-723
2024-09-10 19:36:12 - INFO -  * Detected change in 'D:\\MovedFromCtoD\\Desktop\\social_media_platfrom\\login\\service\\Login_services.py', reloading
2024-09-10 19:36:12 - INFO -  * Restarting with stat
2024-09-10 19:36:13 - INFO - create_app function called
2024-09-10 19:36:13 - INFO - LoginServices initiated 
2024-09-10 19:36:13 - INFO - create_app returning  app
2024-09-10 19:36:13 - WARNING -  * Debugger is active!
2024-09-10 19:36:13 - INFO -  * Debugger PIN: 516-966-723
2024-09-10 20:05:55 - INFO -  * Detected change in 'D:\\MovedFromCtoD\\Desktop\\social_media_platfrom\\home\\service\\Home_services.py', reloading
